<?xml version="1.0" encoding="UTF-8"?>
<testsuite xmlns:xsi="http://www.w3.org/2001/XMLSchema-instance" xsi:noNamespaceSchemaLocation="https://maven.apache.org/surefire/maven-surefire-plugin/xsd/surefire-test-report-3.0.xsd" version="3.0" name="TestSuite" time="6.748" tests="2" errors="0" skipped="1" failures="1">
  <properties>
[...]
</properties>
  <testcase name="setup[chromium, test@test.com, 12345678](0)" classname="tests.HomePageTest" time="5.933">
    <failure message="Error {&#10;  message=&apos;Navigation failed because page was closed!&#10;=========================== logs ===========================&#10;navigating to &quot;https://ztrain-web.vercel.app/auth/login&quot;, waiting until &quot;load&quot;&#10;============================================================&#10;  name=&apos;Error&#10;  stack=&apos;Error: Navigation failed because page was closed!&#10;=========================== logs ===========================&#10;navigating to &quot;https://ztrain-web.vercel.app/auth/login&quot;, waiting until &quot;load&quot;&#10;============================================================&#10;    at C:\Users\Pawk71\AppData\Local\Temp\playwright-java-9020778327607778069\package\lib\server\frames.js:666:13&#10;    at async ProgressController.run (C:\Users\Pawk71\AppData\Local\Temp\playwright-java-9020778327607778069\package\lib\server\progress.js:101:22)&#10;    at async FrameDispatcher.goto (C:\Users\Pawk71\AppData\Local\Temp\playwright-java-9020778327607778069\package\lib\server\dispatchers\frameDispatcher.js:87:59)&#10;    at async DispatcherConnection.dispatch (C:\Users\Pawk71\AppData\Local\Temp\playwright-java-9020778327607778069\package\lib\server\dispatchers\dispatcher.js:401:22)&#10;}" type="com.microsoft.playwright.PlaywrightException"><![CDATA[com.microsoft.playwright.PlaywrightException: 
Error {
  message='Navigation failed because page was closed!
=========================== logs ===========================
navigating to "https://ztrain-web.vercel.app/auth/login", waiting until "load"
============================================================
  name='Error
  stack='Error: Navigation failed because page was closed!
=========================== logs ===========================
navigating to "https://ztrain-web.vercel.app/auth/login", waiting until "load"
============================================================
    at C:\Users\Pawk71\AppData\Local\Temp\playwright-java-9020778327607778069\package\lib\server\frames.js:666:13
    at async ProgressController.run (C:\Users\Pawk71\AppData\Local\Temp\playwright-java-9020778327607778069\package\lib\server\progress.js:101:22)
    at async FrameDispatcher.goto (C:\Users\Pawk71\AppData\Local\Temp\playwright-java-9020778327607778069\package\lib\server\dispatchers\frameDispatcher.js:87:59)
    at async DispatcherConnection.dispatch (C:\Users\Pawk71\AppData\Local\Temp\playwright-java-9020778327607778069\package\lib\server\dispatchers\dispatcher.js:401:22)
}
	at com.microsoft.playwright.impl.WaitableResult.get(WaitableResult.java:54)
	at com.microsoft.playwright.impl.ChannelOwner.runUntil(ChannelOwner.java:111)
	at com.microsoft.playwright.impl.Connection.sendMessage(Connection.java:113)
	at com.microsoft.playwright.impl.ChannelOwner.sendMessage(ChannelOwner.java:102)
	at com.microsoft.playwright.impl.FrameImpl.navigateImpl(FrameImpl.java:462)
	at com.microsoft.playwright.impl.PageImpl.lambda$navigate$44(PageImpl.java:871)
	at com.microsoft.playwright.impl.LoggingSupport.withLogging(LoggingSupport.java:47)
	at com.microsoft.playwright.impl.ChannelOwner.withLogging(ChannelOwner.java:87)
	at com.microsoft.playwright.impl.PageImpl.navigate(PageImpl.java:871)
	at com.microsoft.playwright.impl.PageImpl.navigate(PageImpl.java:41)
	at com.microsoft.playwright.Page.navigate(Page.java:4724)
	at Factory.PlaywrightFactory.initBrowser(PlaywrightFactory.java:87)
	at base.BaseTest.setup(BaseTest.java:53)
	at java.base/jdk.internal.reflect.NativeMethodAccessorImpl.invoke0(Native Method)
	at java.base/jdk.internal.reflect.NativeMethodAccessorImpl.invoke(NativeMethodAccessorImpl.java:77)
	at java.base/jdk.internal.reflect.DelegatingMethodAccessorImpl.invoke(DelegatingMethodAccessorImpl.java:43)
	at java.base/java.lang.reflect.Method.invoke(Method.java:568)
	at org.testng.internal.invokers.MethodInvocationHelper.invokeMethod(MethodInvocationHelper.java:139)
	at org.testng.internal.invokers.MethodInvocationHelper.invokeMethodConsideringTimeout(MethodInvocationHelper.java:69)
	at org.testng.internal.invokers.ConfigInvoker.invokeConfigurationMethod(ConfigInvoker.java:361)
	at org.testng.internal.invokers.ConfigInvoker.invokeConfigurations(ConfigInvoker.java:296)
	at org.testng.TestRunner.invokeTestConfigurations(TestRunner.java:644)
	at org.testng.TestRunner.beforeRun(TestRunner.java:633)
	at org.testng.TestRunner.run(TestRunner.java:595)
	at org.testng.SuiteRunner.runTest(SuiteRunner.java:437)
	at org.testng.SuiteRunner$SuiteWorker.run(SuiteRunner.java:475)
	at org.testng.internal.thread.ThreadUtil.lambda$execute$0(ThreadUtil.java:58)
	at java.base/java.util.concurrent.FutureTask.run(FutureTask.java:264)
	at java.base/java.util.concurrent.ThreadPoolExecutor.runWorker(ThreadPoolExecutor.java:1136)
	at java.base/java.util.concurrent.ThreadPoolExecutor$Worker.run(ThreadPoolExecutor.java:635)
	at java.base/java.lang.Thread.run(Thread.java:833)
Caused by: com.microsoft.playwright.impl.DriverException: Error {
  message='Navigation failed because page was closed!
=========================== logs ===========================
navigating to "https://ztrain-web.vercel.app/auth/login", waiting until "load"
============================================================
  name='Error
  stack='Error: Navigation failed because page was closed!
=========================== logs ===========================
navigating to "https://ztrain-web.vercel.app/auth/login", waiting until "load"
============================================================
    at C:\Users\Pawk71\AppData\Local\Temp\playwright-java-9020778327607778069\package\lib\server\frames.js:666:13
    at async ProgressController.run (C:\Users\Pawk71\AppData\Local\Temp\playwright-java-9020778327607778069\package\lib\server\progress.js:101:22)
    at async FrameDispatcher.goto (C:\Users\Pawk71\AppData\Local\Temp\playwright-java-9020778327607778069\package\lib\server\dispatchers\frameDispatcher.js:87:59)
    at async DispatcherConnection.dispatch (C:\Users\Pawk71\AppData\Local\Temp\playwright-java-9020778327607778069\package\lib\server\dispatchers\dispatcher.js:401:22)
}
	at com.microsoft.playwright.impl.Connection.dispatch(Connection.java:195)
	at com.microsoft.playwright.impl.Connection.processOneMessage(Connection.java:175)
	at com.microsoft.playwright.impl.ChannelOwner.runUntil(ChannelOwner.java:109)
	... 29 more
]]></failure>
    <system-out><![CDATA[...
... TestNG 7.7.0 by Cédric Beust (cedric@beust.com)
...

Test Suite started!
I am in onStart method  Login Page Test_chromium
browser name is : chromium
]]></system-out>
    <system-err><![CDATA[SLF4J: Failed to load class "org.slf4j.impl.StaticLoggerBinder".
SLF4J: Defaulting to no-operation (NOP) logger implementation
SLF4J: See http://www.slf4j.org/codes.html#StaticLoggerBinder for further details.
]]></system-err>
  </testcase>
  <testcase name="tearDown" classname="tests.HomePageTest" time="0">
    <skipped/>
    <system-out><![CDATA[createNewUserTest started!
I am in onTestStart method createNewUserTest start
I am in onTestSkipped method createNewUserTest skipped
createNewUserTest skipped!
I am in onTestFailure method createNewUserTest failed
Screenshot captured for test case:createNewUserTest
]]></system-out>
  </testcase>
</testsuite>