<?xml version="1.0" encoding="UTF-8"?>
<testsuite xmlns:xsi="http://www.w3.org/2001/XMLSchema-instance" xsi:noNamespaceSchemaLocation="https://maven.apache.org/surefire/maven-surefire-plugin/xsd/surefire-test-report-3.0.xsd" version="3.0" name="TestSuite" time="6.748" tests="2" errors="0" skipped="1" failures="1">
  <properties>
    <property name="java.specification.version" value="17"/>
    <property name="sun.cpu.isalist" value="amd64"/>
    <property name="sun.jnu.encoding" value="Cp1252"/>
    <property name="java.class.path" value="C:\Users\Pawk71\Desktop\projetPlaywright\PlaywrightNatif\target\test-classes;C:\Users\Pawk71\Desktop\projetPlaywright\PlaywrightNatif\target\classes;C:\Users\Pawk71\.m2\repository\com\microsoft\playwright\playwright\1.27.0\playwright-1.27.0.jar;C:\Users\Pawk71\.m2\repository\com\google\code\gson\gson\2.8.9\gson-2.8.9.jar;C:\Users\Pawk71\.m2\repository\org\opentest4j\opentest4j\1.2.0\opentest4j-1.2.0.jar;C:\Users\Pawk71\.m2\repository\com\microsoft\playwright\driver\1.27.0\driver-1.27.0.jar;C:\Users\Pawk71\.m2\repository\com\microsoft\playwright\driver-bundle\1.27.0\driver-bundle-1.27.0.jar;C:\Users\Pawk71\.m2\repository\io\qameta\allure\allure-testng\2.20.1\allure-testng-2.20.1.jar;C:\Users\Pawk71\.m2\repository\io\qameta\allure\allure-java-commons\2.20.1\allure-java-commons-2.20.1.jar;C:\Users\Pawk71\.m2\repository\io\qameta\allure\allure-model\2.20.1\allure-model-2.20.1.jar;C:\Users\Pawk71\.m2\repository\io\qameta\allure\allure-test-filter\2.20.1\allure-test-filter-2.20.1.jar;C:\Users\Pawk71\.m2\repository\org\testng\testng\7.7.0\testng-7.7.0.jar;C:\Users\Pawk71\.m2\repository\org\slf4j\slf4j-api\1.7.36\slf4j-api-1.7.36.jar;C:\Users\Pawk71\.m2\repository\com\beust\jcommander\1.82\jcommander-1.82.jar;C:\Users\Pawk71\.m2\repository\org\webjars\jquery\3.6.1\jquery-3.6.1.jar;C:\Users\Pawk71\.m2\repository\com\github\automatedowl\allure-environment-writer\1.0.0\allure-environment-writer-1.0.0.jar;C:\Users\Pawk71\.m2\repository\com\google\guava\guava\27.0-jre\guava-27.0-jre.jar;C:\Users\Pawk71\.m2\repository\com\google\guava\failureaccess\1.0\failureaccess-1.0.jar;C:\Users\Pawk71\.m2\repository\com\google\guava\listenablefuture\9999.0-empty-to-avoid-conflict-with-guava\listenablefuture-9999.0-empty-to-avoid-conflict-with-guava.jar;C:\Users\Pawk71\.m2\repository\com\google\code\findbugs\jsr305\3.0.2\jsr305-3.0.2.jar;C:\Users\Pawk71\.m2\repository\org\checkerframework\checker-qual\2.5.2\checker-qual-2.5.2.jar;C:\Users\Pawk71\.m2\repository\com\google\errorprone\error_prone_annotations\2.2.0\error_prone_annotations-2.2.0.jar;C:\Users\Pawk71\.m2\repository\com\google\j2objc\j2objc-annotations\1.1\j2objc-annotations-1.1.jar;C:\Users\Pawk71\.m2\repository\org\codehaus\mojo\animal-sniffer-annotations\1.17\animal-sniffer-annotations-1.17.jar;C:\Users\Pawk71\.m2\repository\org\apache\poi\poi-ooxml\4.1.1\poi-ooxml-4.1.1.jar;C:\Users\Pawk71\.m2\repository\org\apache\poi\poi\4.1.1\poi-4.1.1.jar;C:\Users\Pawk71\.m2\repository\commons-codec\commons-codec\1.13\commons-codec-1.13.jar;C:\Users\Pawk71\.m2\repository\org\apache\commons\commons-collections4\4.4\commons-collections4-4.4.jar;C:\Users\Pawk71\.m2\repository\org\apache\commons\commons-math3\3.6.1\commons-math3-3.6.1.jar;C:\Users\Pawk71\.m2\repository\org\apache\poi\poi-ooxml-schemas\4.1.1\poi-ooxml-schemas-4.1.1.jar;C:\Users\Pawk71\.m2\repository\org\apache\xmlbeans\xmlbeans\3.1.0\xmlbeans-3.1.0.jar;C:\Users\Pawk71\.m2\repository\org\apache\commons\commons-compress\1.19\commons-compress-1.19.jar;C:\Users\Pawk71\.m2\repository\com\github\virtuald\curvesapi\1.06\curvesapi-1.06.jar;C:\Users\Pawk71\.m2\repository\com\aventstack\extentreports\5.0.8\extentreports-5.0.8.jar;C:\Users\Pawk71\.m2\repository\io\reactivex\rxjava3\rxjava\3.0.4\rxjava-3.0.4.jar;C:\Users\Pawk71\.m2\repository\org\reactivestreams\reactive-streams\1.0.3\reactive-streams-1.0.3.jar;C:\Users\Pawk71\.m2\repository\org\freemarker\freemarker\2.3.30\freemarker-2.3.30.jar;C:\Users\Pawk71\.m2\repository\org\projectlombok\lombok\1.18.12\lombok-1.18.12.jar;"/>
    <property name="java.vm.vendor" value="Oracle Corporation"/>
    <property name="sun.arch.data.model" value="64"/>
    <property name="user.variant" value=""/>
    <property name="java.vendor.url" value="https://java.oracle.com/"/>
    <property name="user.timezone" value="Europe/Paris"/>
    <property name="os.name" value="Windows 10"/>
    <property name="java.vm.specification.version" value="17"/>
    <property name="sun.java.launcher" value="SUN_STANDARD"/>
    <property name="user.country" value="FR"/>
    <property name="sun.boot.library.path" value="C:\Program Files\Java\jdk-17.0.5\bin"/>
    <property name="sun.java.command" value="C:\Users\Pawk71\AppData\Local\Temp\surefire16144137787844172310\surefirebooter-20230110154037913_3.jar C:\Users\Pawk71\AppData\Local\Temp\surefire16144137787844172310 2023-01-10T15-40-37_681-jvmRun1 surefire-20230110154037913_1tmp surefire_0-20230110154037913_2tmp"/>
    <property name="jdk.debug" value="release"/>
    <property name="surefire.test.class.path" value="C:\Users\Pawk71\Desktop\projetPlaywright\PlaywrightNatif\target\test-classes;C:\Users\Pawk71\Desktop\projetPlaywright\PlaywrightNatif\target\classes;C:\Users\Pawk71\.m2\repository\com\microsoft\playwright\playwright\1.27.0\playwright-1.27.0.jar;C:\Users\Pawk71\.m2\repository\com\google\code\gson\gson\2.8.9\gson-2.8.9.jar;C:\Users\Pawk71\.m2\repository\org\opentest4j\opentest4j\1.2.0\opentest4j-1.2.0.jar;C:\Users\Pawk71\.m2\repository\com\microsoft\playwright\driver\1.27.0\driver-1.27.0.jar;C:\Users\Pawk71\.m2\repository\com\microsoft\playwright\driver-bundle\1.27.0\driver-bundle-1.27.0.jar;C:\Users\Pawk71\.m2\repository\io\qameta\allure\allure-testng\2.20.1\allure-testng-2.20.1.jar;C:\Users\Pawk71\.m2\repository\io\qameta\allure\allure-java-commons\2.20.1\allure-java-commons-2.20.1.jar;C:\Users\Pawk71\.m2\repository\io\qameta\allure\allure-model\2.20.1\allure-model-2.20.1.jar;C:\Users\Pawk71\.m2\repository\io\qameta\allure\allure-test-filter\2.20.1\allure-test-filter-2.20.1.jar;C:\Users\Pawk71\.m2\repository\org\testng\testng\7.7.0\testng-7.7.0.jar;C:\Users\Pawk71\.m2\repository\org\slf4j\slf4j-api\1.7.36\slf4j-api-1.7.36.jar;C:\Users\Pawk71\.m2\repository\com\beust\jcommander\1.82\jcommander-1.82.jar;C:\Users\Pawk71\.m2\repository\org\webjars\jquery\3.6.1\jquery-3.6.1.jar;C:\Users\Pawk71\.m2\repository\com\github\automatedowl\allure-environment-writer\1.0.0\allure-environment-writer-1.0.0.jar;C:\Users\Pawk71\.m2\repository\com\google\guava\guava\27.0-jre\guava-27.0-jre.jar;C:\Users\Pawk71\.m2\repository\com\google\guava\failureaccess\1.0\failureaccess-1.0.jar;C:\Users\Pawk71\.m2\repository\com\google\guava\listenablefuture\9999.0-empty-to-avoid-conflict-with-guava\listenablefuture-9999.0-empty-to-avoid-conflict-with-guava.jar;C:\Users\Pawk71\.m2\repository\com\google\code\findbugs\jsr305\3.0.2\jsr305-3.0.2.jar;C:\Users\Pawk71\.m2\repository\org\checkerframework\checker-qual\2.5.2\checker-qual-2.5.2.jar;C:\Users\Pawk71\.m2\repository\com\google\errorprone\error_prone_annotations\2.2.0\error_prone_annotations-2.2.0.jar;C:\Users\Pawk71\.m2\repository\com\google\j2objc\j2objc-annotations\1.1\j2objc-annotations-1.1.jar;C:\Users\Pawk71\.m2\repository\org\codehaus\mojo\animal-sniffer-annotations\1.17\animal-sniffer-annotations-1.17.jar;C:\Users\Pawk71\.m2\repository\org\apache\poi\poi-ooxml\4.1.1\poi-ooxml-4.1.1.jar;C:\Users\Pawk71\.m2\repository\org\apache\poi\poi\4.1.1\poi-4.1.1.jar;C:\Users\Pawk71\.m2\repository\commons-codec\commons-codec\1.13\commons-codec-1.13.jar;C:\Users\Pawk71\.m2\repository\org\apache\commons\commons-collections4\4.4\commons-collections4-4.4.jar;C:\Users\Pawk71\.m2\repository\org\apache\commons\commons-math3\3.6.1\commons-math3-3.6.1.jar;C:\Users\Pawk71\.m2\repository\org\apache\poi\poi-ooxml-schemas\4.1.1\poi-ooxml-schemas-4.1.1.jar;C:\Users\Pawk71\.m2\repository\org\apache\xmlbeans\xmlbeans\3.1.0\xmlbeans-3.1.0.jar;C:\Users\Pawk71\.m2\repository\org\apache\commons\commons-compress\1.19\commons-compress-1.19.jar;C:\Users\Pawk71\.m2\repository\com\github\virtuald\curvesapi\1.06\curvesapi-1.06.jar;C:\Users\Pawk71\.m2\repository\com\aventstack\extentreports\5.0.8\extentreports-5.0.8.jar;C:\Users\Pawk71\.m2\repository\io\reactivex\rxjava3\rxjava\3.0.4\rxjava-3.0.4.jar;C:\Users\Pawk71\.m2\repository\org\reactivestreams\reactive-streams\1.0.3\reactive-streams-1.0.3.jar;C:\Users\Pawk71\.m2\repository\org\freemarker\freemarker\2.3.30\freemarker-2.3.30.jar;C:\Users\Pawk71\.m2\repository\org\projectlombok\lombok\1.18.12\lombok-1.18.12.jar;"/>
    <property name="sun.cpu.endian" value="little"/>
    <property name="user.home" value="C:\Users\Pawk71"/>
    <property name="user.language" value="fr"/>
    <property name="java.specification.vendor" value="Oracle Corporation"/>
    <property name="java.version.date" value="2022-10-18"/>
    <property name="java.home" value="C:\Program Files\Java\jdk-17.0.5"/>
    <property name="file.separator" value="\"/>
    <property name="basedir" value="C:\Users\Pawk71\Desktop\projetPlaywright\PlaywrightNatif"/>
    <property name="java.vm.compressedOopsMode" value="32-bit"/>
    <property name="line.separator" value="&#10;"/>
    <property name="java.vm.specification.vendor" value="Oracle Corporation"/>
    <property name="java.specification.name" value="Java Platform API Specification"/>
    <property name="surefire.real.class.path" value="C:\Users\Pawk71\AppData\Local\Temp\surefire16144137787844172310\surefirebooter-20230110154037913_3.jar"/>
    <property name="user.script" value=""/>
    <property name="sun.management.compiler" value="HotSpot 64-Bit Tiered Compilers"/>
    <property name="java.runtime.version" value="17.0.5+9-LTS-191"/>
    <property name="user.name" value="Pawk71"/>
    <property name="path.separator" value=";"/>
    <property name="os.version" value="10.0"/>
    <property name="java.runtime.name" value="Java(TM) SE Runtime Environment"/>
    <property name="file.encoding" value="Cp1252"/>
    <property name="java.vm.name" value="Java HotSpot(TM) 64-Bit Server VM"/>
    <property name="localRepository" value="C:\Users\Pawk71\.m2\repository"/>
    <property name="java.vendor.url.bug" value="https://bugreport.java.com/bugreport/"/>
    <property name="java.io.tmpdir" value="C:\Users\Pawk71\AppData\Local\Temp\"/>
    <property name="java.version" value="17.0.5"/>
    <property name="user.dir" value="C:\Users\Pawk71\Desktop\projetPlaywright\PlaywrightNatif"/>
    <property name="os.arch" value="amd64"/>
    <property name="java.vm.specification.name" value="Java Virtual Machine Specification"/>
    <property name="sun.os.patch.level" value=""/>
    <property name="native.encoding" value="Cp1252"/>
    <property name="java.library.path" value="C:\Program Files\Java\jdk-17.0.5\bin;C:\Windows\Sun\Java\bin;C:\Windows\system32;C:\Windows;C:\Program Files\Common Files\Oracle\Java\javapath;C:\Program Files (x86)\VMware\VMware Workstation\bin\;C:\Windows\system32;C:\Windows;C:\Windows\System32\Wbem;C:\Windows\System32\WindowsPowerShell\v1.0\;C:\Windows\System32\OpenSSH\;C:\Program Files\nodejs\;C:\android-sdk\tools;C:\android-sdk\platform-tools;C:\apache-maven-3.8.4\bin;C:\ProgramData\chocolatey\bin;C:\Program Files\Git\cmd;C:\Gradle\gradle-7.3.1-bin\gradle-7.3.1\bin;C:\allure-2.17.2\allure-2.17.2\bin;C:\Program Files\Java\jdk-17.0.5\bin;C:\Users\PC71_Zenity\AppData\Local\Microsoft\WindowsApps;C:\Program Files\Java\jdk-17.0.5\bin;C:\Users\Pawk71\AppData\Local\Programs\Python\Python39\Scripts\;C:\Users\Pawk71\AppData\Local\Programs\Python\Python39\;C:\Users\Pawk71\AppData\Local\Microsoft\WindowsApps;C:\Users\Pawk71\AppData\Roaming\npm;C:\Users\Pawk71\AppData\Local\Programs\Microsoft VS Code\bin;C:\Users\Pawk71\AppData\Local\Programs\Git\cmd;C:\Users\Pawk71\AppData\Local\JetBrains\IntelliJ IDEA Community Edition 2021.3\bin;;C:\android-sdk\tools;C:\android-sdk\platform-tools;C:\Program Files\Android\Android Studio\bin;;."/>
    <property name="java.vm.info" value="mixed mode, sharing"/>
    <property name="java.vendor" value="Oracle Corporation"/>
    <property name="java.vm.version" value="17.0.5+9-LTS-191"/>
    <property name="sun.io.unicode.encoding" value="UnicodeLittle"/>
    <property name="java.class.version" value="61.0"/>
  </properties>
  <testcase name="setup[chromium, test@test.com, 12345678](0)" classname="tests.HomePageTest" time="5.933">
    <failure message="Error {&#10;  message=&apos;Navigation failed because page was closed!&#10;=========================== logs ===========================&#10;navigating to &quot;https://ztrain-web.vercel.app/auth/login&quot;, waiting until &quot;load&quot;&#10;============================================================&#10;  name=&apos;Error&#10;  stack=&apos;Error: Navigation failed because page was closed!&#10;=========================== logs ===========================&#10;navigating to &quot;https://ztrain-web.vercel.app/auth/login&quot;, waiting until &quot;load&quot;&#10;============================================================&#10;    at C:\Users\Pawk71\AppData\Local\Temp\playwright-java-9020778327607778069\package\lib\server\frames.js:666:13&#10;    at async ProgressController.run (C:\Users\Pawk71\AppData\Local\Temp\playwright-java-9020778327607778069\package\lib\server\progress.js:101:22)&#10;    at async FrameDispatcher.goto (C:\Users\Pawk71\AppData\Local\Temp\playwright-java-9020778327607778069\package\lib\server\dispatchers\frameDispatcher.js:87:59)&#10;    at async DispatcherConnection.dispatch (C:\Users\Pawk71\AppData\Local\Temp\playwright-java-9020778327607778069\package\lib\server\dispatchers\dispatcher.js:401:22)&#10;}" type="com.microsoft.playwright.PlaywrightException"><![CDATA[com.microsoft.playwright.PlaywrightException: 
Error {
  message='Navigation failed because page was closed!
=========================== logs ===========================
navigating to "https://ztrain-web.vercel.app/auth/login", waiting until "load"
============================================================
  name='Error
  stack='Error: Navigation failed because page was closed!
=========================== logs ===========================
navigating to "https://ztrain-web.vercel.app/auth/login", waiting until "load"
============================================================
    at C:\Users\Pawk71\AppData\Local\Temp\playwright-java-9020778327607778069\package\lib\server\frames.js:666:13
    at async ProgressController.run (C:\Users\Pawk71\AppData\Local\Temp\playwright-java-9020778327607778069\package\lib\server\progress.js:101:22)
    at async FrameDispatcher.goto (C:\Users\Pawk71\AppData\Local\Temp\playwright-java-9020778327607778069\package\lib\server\dispatchers\frameDispatcher.js:87:59)
    at async DispatcherConnection.dispatch (C:\Users\Pawk71\AppData\Local\Temp\playwright-java-9020778327607778069\package\lib\server\dispatchers\dispatcher.js:401:22)
}
	at com.microsoft.playwright.impl.WaitableResult.get(WaitableResult.java:54)
	at com.microsoft.playwright.impl.ChannelOwner.runUntil(ChannelOwner.java:111)
	at com.microsoft.playwright.impl.Connection.sendMessage(Connection.java:113)
	at com.microsoft.playwright.impl.ChannelOwner.sendMessage(ChannelOwner.java:102)
	at com.microsoft.playwright.impl.FrameImpl.navigateImpl(FrameImpl.java:462)
	at com.microsoft.playwright.impl.PageImpl.lambda$navigate$44(PageImpl.java:871)
	at com.microsoft.playwright.impl.LoggingSupport.withLogging(LoggingSupport.java:47)
	at com.microsoft.playwright.impl.ChannelOwner.withLogging(ChannelOwner.java:87)
	at com.microsoft.playwright.impl.PageImpl.navigate(PageImpl.java:871)
	at com.microsoft.playwright.impl.PageImpl.navigate(PageImpl.java:41)
	at com.microsoft.playwright.Page.navigate(Page.java:4724)
	at Factory.PlaywrightFactory.initBrowser(PlaywrightFactory.java:87)
	at base.BaseTest.setup(BaseTest.java:53)
	at java.base/jdk.internal.reflect.NativeMethodAccessorImpl.invoke0(Native Method)
	at java.base/jdk.internal.reflect.NativeMethodAccessorImpl.invoke(NativeMethodAccessorImpl.java:77)
	at java.base/jdk.internal.reflect.DelegatingMethodAccessorImpl.invoke(DelegatingMethodAccessorImpl.java:43)
	at java.base/java.lang.reflect.Method.invoke(Method.java:568)
	at org.testng.internal.invokers.MethodInvocationHelper.invokeMethod(MethodInvocationHelper.java:139)
	at org.testng.internal.invokers.MethodInvocationHelper.invokeMethodConsideringTimeout(MethodInvocationHelper.java:69)
	at org.testng.internal.invokers.ConfigInvoker.invokeConfigurationMethod(ConfigInvoker.java:361)
	at org.testng.internal.invokers.ConfigInvoker.invokeConfigurations(ConfigInvoker.java:296)
	at org.testng.TestRunner.invokeTestConfigurations(TestRunner.java:644)
	at org.testng.TestRunner.beforeRun(TestRunner.java:633)
	at org.testng.TestRunner.run(TestRunner.java:595)
	at org.testng.SuiteRunner.runTest(SuiteRunner.java:437)
	at org.testng.SuiteRunner$SuiteWorker.run(SuiteRunner.java:475)
	at org.testng.internal.thread.ThreadUtil.lambda$execute$0(ThreadUtil.java:58)
	at java.base/java.util.concurrent.FutureTask.run(FutureTask.java:264)
	at java.base/java.util.concurrent.ThreadPoolExecutor.runWorker(ThreadPoolExecutor.java:1136)
	at java.base/java.util.concurrent.ThreadPoolExecutor$Worker.run(ThreadPoolExecutor.java:635)
	at java.base/java.lang.Thread.run(Thread.java:833)
Caused by: com.microsoft.playwright.impl.DriverException: Error {
  message='Navigation failed because page was closed!
=========================== logs ===========================
navigating to "https://ztrain-web.vercel.app/auth/login", waiting until "load"
============================================================
  name='Error
  stack='Error: Navigation failed because page was closed!
=========================== logs ===========================
navigating to "https://ztrain-web.vercel.app/auth/login", waiting until "load"
============================================================
    at C:\Users\Pawk71\AppData\Local\Temp\playwright-java-9020778327607778069\package\lib\server\frames.js:666:13
    at async ProgressController.run (C:\Users\Pawk71\AppData\Local\Temp\playwright-java-9020778327607778069\package\lib\server\progress.js:101:22)
    at async FrameDispatcher.goto (C:\Users\Pawk71\AppData\Local\Temp\playwright-java-9020778327607778069\package\lib\server\dispatchers\frameDispatcher.js:87:59)
    at async DispatcherConnection.dispatch (C:\Users\Pawk71\AppData\Local\Temp\playwright-java-9020778327607778069\package\lib\server\dispatchers\dispatcher.js:401:22)
}
	at com.microsoft.playwright.impl.Connection.dispatch(Connection.java:195)
	at com.microsoft.playwright.impl.Connection.processOneMessage(Connection.java:175)
	at com.microsoft.playwright.impl.ChannelOwner.runUntil(ChannelOwner.java:109)
	... 29 more
]]></failure>
    <system-out><![CDATA[...
... TestNG 7.7.0 by CÃ©dric Beust (cedric@beust.com)
...

Test Suite started!
I am in onStart method  Login Page Test_chromium
browser name is : chromium
]]></system-out>
    <system-err><![CDATA[SLF4J: Failed to load class "org.slf4j.impl.StaticLoggerBinder".
SLF4J: Defaulting to no-operation (NOP) logger implementation
SLF4J: See http://www.slf4j.org/codes.html#StaticLoggerBinder for further details.
]]></system-err>
  </testcase>
  <testcase name="tearDown" classname="tests.HomePageTest" time="0">
    <skipped/>
    <system-out><![CDATA[createNewUserTest started!
I am in onTestStart method createNewUserTest start
I am in onTestSkipped method createNewUserTest skipped
createNewUserTest skipped!
I am in onTestFailure method createNewUserTest failed
Screenshot captured for test case:createNewUserTest
]]></system-out>
  </testcase>
</testsuite>